<?xml version="1.0" encoding="UTF-8"?>
<!-- Generated by org.testng.reporters.JUnitXMLReporter -->
<testsuite hostname="EPCNSZXW0095" name="Command line test" tests="6" failures="0" timestamp="17 Mar 2016 02:55:07 GMT" time="136.447" errors="0">
  <testcase name="loginToGithub" time="10.952" classname="com.epam.cnta.webdriver.demo1.GitHubTest"/>
  <testcase name="loginToGithub" time="9.335" classname="com.epam.cnta.webdriver.demo2.additional.custom_page_object.GitHubTest"/>
  <testcase name="loginToGithub" time="6.784" classname="com.epam.cnta.webdriver.demo2.additional.custom_page_object_with_abstract_page.GitHubTest"/>
  <testcase name="loginToGithub" time="10.46" classname="com.epam.cnta.webdriver.demo2.additional.native_page_object_constructor_modified.GitHubTest"/>
  <testcase name="loginToGithub" time="6.565" classname="com.epam.cnta.webdriver.demo2.additional.native_page_object_with_abstract_page.GitHubTest"/>
  <testcase name="loginToGithub" time="7.252" classname="com.epam.cnta.webdriver.demo2.lection_demo_native_page_object.GitHubTest"/>
</testsuite> <!-- Command line test -->
