<?xml version="1.0" encoding="UTF-8"?>
<testng-results skipped="1" failed="0" total="1" passed="0">
  <reporter-output>
  </reporter-output>
  <suite name="com.epam.automation.ivanfan.AutomationFramework.Runner.GMailTest" duration-ms="75" started-at="2016-10-25T03:37:11Z" finished-at="2016-10-25T03:37:11Z">
    <groups>
    </groups>
    <test name="Command line test" duration-ms="75" started-at="2016-10-25T03:37:11Z" finished-at="2016-10-25T03:37:11Z">
      <class name="com.epam.automation.ivanfan.AutomationFramework.Runner.GMailTest">
        <test-method status="FAIL" signature="startBrowser()[pri:0, instance:com.epam.automation.ivanfan.AutomationFramework.Runner.GMailTest@5f2050f6]" name="startBrowser" is-config="true" duration-ms="0" started-at="2016-10-25T11:37:11Z" description="Start browser" finished-at="2016-10-25T11:37:11Z">
          <exception class="java.lang.IllegalStateException">
            <message>
              <![CDATA[The path to the driver executable must be set by the webdriver.chrome.driver system property; for more information, see https://github.com/SeleniumHQ/selenium/wiki/ChromeDriver. The latest version can be downloaded from http://chromedriver.storage.googleapis.com/index.html]]>
            </message>
            <full-stacktrace>
              <![CDATA[java.lang.IllegalStateException: The path to the driver executable must be set by the webdriver.chrome.driver system property; for more information, see https://github.com/SeleniumHQ/selenium/wiki/ChromeDriver. The latest version can be downloaded from http://chromedriver.storage.googleapis.com/index.html
	at com.google.common.base.Preconditions.checkState(Preconditions.java:197)
	at org.openqa.selenium.remote.service.DriverService.findExecutable(DriverService.java:109)
	at org.openqa.selenium.chrome.ChromeDriverService.access$000(ChromeDriverService.java:32)
	at org.openqa.selenium.chrome.ChromeDriverService$Builder.findDefaultExecutable(ChromeDriverService.java:137)
	at org.openqa.selenium.remote.service.DriverService$Builder.build(DriverService.java:296)
	at org.openqa.selenium.chrome.ChromeDriverService.createDefaultService(ChromeDriverService.java:88)
	at org.openqa.selenium.chrome.ChromeDriver.<init>(ChromeDriver.java:116)
	at com.epam.automation.ivanfan.AutomationFramework.Pages.WebDriverSingleton.getWebDriverInstance(WebDriverSingleton.java:16)
	at com.epam.automation.ivanfan.AutomationFramework.Pages.BasePage.<init>(BasePage.java:18)
	at com.epam.automation.ivanfan.AutomationFramework.Runner.GMailTest.startBrowser(GMailTest.java:30)
	at sun.reflect.NativeMethodAccessorImpl.invoke0(Native Method)
	at sun.reflect.NativeMethodAccessorImpl.invoke(NativeMethodAccessorImpl.java:62)
	at sun.reflect.DelegatingMethodAccessorImpl.invoke(DelegatingMethodAccessorImpl.java:43)
	at java.lang.reflect.Method.invoke(Method.java:497)
	at org.testng.internal.MethodInvocationHelper.invokeMethod(MethodInvocationHelper.java:84)
	at org.testng.internal.Invoker.invokeConfigurationMethod(Invoker.java:564)
	at org.testng.internal.Invoker.invokeConfigurations(Invoker.java:213)
	at org.testng.internal.Invoker.invokeConfigurations(Invoker.java:138)
	at org.testng.internal.TestMethodWorker.invokeBeforeClassMethods(TestMethodWorker.java:175)
	at org.testng.internal.TestMethodWorker.run(TestMethodWorker.java:107)
	at org.testng.TestRunner.privateRun(TestRunner.java:767)
	at org.testng.TestRunner.run(TestRunner.java:617)
	at org.testng.SuiteRunner.runTest(SuiteRunner.java:348)
	at org.testng.SuiteRunner.runSequentially(SuiteRunner.java:343)
	at org.testng.SuiteRunner.privateRun(SuiteRunner.java:305)
	at org.testng.SuiteRunner.run(SuiteRunner.java:254)
	at org.testng.SuiteRunnerWorker.runSuite(SuiteRunnerWorker.java:52)
	at org.testng.SuiteRunnerWorker.run(SuiteRunnerWorker.java:86)
	at org.testng.TestNG.runSuitesSequentially(TestNG.java:1224)
	at org.testng.TestNG.runSuitesLocally(TestNG.java:1149)
	at org.testng.TestNG.run(TestNG.java:1057)
	at org.apache.maven.surefire.testng.TestNGExecutor.run(TestNGExecutor.java:77)
	at org.apache.maven.surefire.testng.TestNGDirectoryTestSuite.execute(TestNGDirectoryTestSuite.java:110)
	at org.apache.maven.surefire.testng.TestNGProvider.invoke(TestNGProvider.java:106)
	at sun.reflect.NativeMethodAccessorImpl.invoke0(Native Method)
	at sun.reflect.NativeMethodAccessorImpl.invoke(NativeMethodAccessorImpl.java:62)
	at sun.reflect.DelegatingMethodAccessorImpl.invoke(DelegatingMethodAccessorImpl.java:43)
	at java.lang.reflect.Method.invoke(Method.java:497)
	at org.apache.maven.surefire.util.ReflectionUtils.invokeMethodWithArray(ReflectionUtils.java:189)
	at org.apache.maven.surefire.booter.ProviderFactory$ProviderProxy.invoke(ProviderFactory.java:165)
	at org.apache.maven.surefire.booter.ProviderFactory.invokeProvider(ProviderFactory.java:85)
	at org.apache.maven.surefire.booter.ForkedBooter.runSuitesInProcess(ForkedBooter.java:115)
	at org.apache.maven.surefire.booter.ForkedBooter.main(ForkedBooter.java:75)
]]>
            </full-stacktrace>
          </exception> <!-- java.lang.IllegalStateException -->
          <reporter-output>
          </reporter-output>
        </test-method> <!-- startBrowser -->
        <test-method name="addImplicitly" signature="addImplicitly()[pri:0, instance:com.epam.automation.ivanfan.AutomationFramework.Runner.GMailTest@5f2050f6]" is-config="true" status="SKIP" duration-ms="0" finished-at="2016-10-25T11:37:11Z" started-at="2016-10-25T11:37:11Z" depends-on-methods="com.epam.automation.ivanfan.AutomationFramework.Runner.GMailTest.startBrowser" description="Add implicite wait and maximize window">
          <reporter-output>
          </reporter-output>
        </test-method> <!-- addImplicitly -->
        <test-method status="SKIP" signature="testGMail()[pri:0, instance:com.epam.automation.ivanfan.AutomationFramework.Runner.GMailTest@5f2050f6]" name="testGMail" duration-ms="1" started-at="2016-10-25T11:37:11Z" description="Test Gemail " finished-at="2016-10-25T11:37:11Z">
          <reporter-output>
          </reporter-output>
        </test-method> <!-- testGMail -->
        <test-method status="SKIP" signature="stopBrowser()[pri:0, instance:com.epam.automation.ivanfan.AutomationFramework.Runner.GMailTest@5f2050f6]" name="stopBrowser" is-config="true" duration-ms="0" started-at="2016-10-25T11:37:11Z" description="Stop Browser" finished-at="2016-10-25T11:37:11Z">
          <reporter-output>
          </reporter-output>
        </test-method> <!-- stopBrowser -->
      </class> <!-- com.epam.automation.ivanfan.AutomationFramework.Runner.GMailTest -->
    </test> <!-- Command line test -->
  </suite> <!-- com.epam.automation.ivanfan.AutomationFramework.Runner.GMailTest -->
</testng-results>
