<?xml version="1.0" encoding="UTF-8" ?>
<testsuite tests="4" failures="1" name="com.epam.automation.ivanfan.AutomationFramework.Runner.GMailTest" time="0.634" errors="0" skipped="3">
  <properties>
[...]
</properties>
  <testcase classname="com.epam.automation.ivanfan.AutomationFramework.Runner.GMailTest" name="startBrowser" time="0.315">
    <failure message="The path to the driver executable must be set by the webdriver.chrome.driver system property; for more information, see https://github.com/SeleniumHQ/selenium/wiki/ChromeDriver. The latest version can be downloaded from http://chromedriver.storage.googleapis.com/index.html" type="java.lang.IllegalStateException">java.lang.IllegalStateException: The path to the driver executable must be set by the webdriver.chrome.driver system property; for more information, see https://github.com/SeleniumHQ/selenium/wiki/ChromeDriver. The latest version can be downloaded from http://chromedriver.storage.googleapis.com/index.html
	at com.google.common.base.Preconditions.checkState(Preconditions.java:197)
	at org.openqa.selenium.remote.service.DriverService.findExecutable(DriverService.java:109)
	at org.openqa.selenium.chrome.ChromeDriverService.access$000(ChromeDriverService.java:32)
	at org.openqa.selenium.chrome.ChromeDriverService$Builder.findDefaultExecutable(ChromeDriverService.java:137)
	at org.openqa.selenium.remote.service.DriverService$Builder.build(DriverService.java:296)
	at org.openqa.selenium.chrome.ChromeDriverService.createDefaultService(ChromeDriverService.java:88)
	at org.openqa.selenium.chrome.ChromeDriver.&lt;init&gt;(ChromeDriver.java:116)
	at com.epam.automation.ivanfan.AutomationFramework.Pages.WebDriverSingleton.getWebDriverInstance(WebDriverSingleton.java:16)
	at com.epam.automation.ivanfan.AutomationFramework.Pages.BasePage.&lt;init&gt;(BasePage.java:18)
	at com.epam.automation.ivanfan.AutomationFramework.Runner.GMailTest.startBrowser(GMailTest.java:30)
</failure>
    <system-out>Configuring TestNG with: org.apache.maven.surefire.testng.conf.TestNG652Configurator@200a570f
</system-out>
  </testcase>
  <testcase classname="com.epam.automation.ivanfan.AutomationFramework.Runner.GMailTest" name="addImplicitly" time="0.319">
    <skipped/>
  </testcase>
  <testcase classname="com.epam.automation.ivanfan.AutomationFramework.Runner.GMailTest" name="testGMail" time="0">
    <skipped/>
  </testcase>
  <testcase classname="com.epam.automation.ivanfan.AutomationFramework.Runner.GMailTest" name="stopBrowser" time="0">
    <skipped/>
  </testcase>
</testsuite>