<?xml version="1.0" encoding="UTF-8" ?>
<testsuite tests="6" failures="0" name="TestSuite" time="51.34" errors="0" skipped="0">
  <properties>
[...]
</properties>
  <testcase classname="com.epam.cnta.webdriver.demo1.GitHubTest" name="loginToGithub" time="10.954"/>
  <testcase classname="com.epam.cnta.webdriver.demo2.additional.custom_page_object.GitHubTest" name="loginToGithub" time="9.331"/>
  <testcase classname="com.epam.cnta.webdriver.demo2.additional.custom_page_object_with_abstract_page.GitHubTest" name="loginToGithub" time="6.783"/>
  <testcase classname="com.epam.cnta.webdriver.demo2.additional.native_page_object_constructor_modified.GitHubTest" name="loginToGithub" time="10.459"/>
  <testcase classname="com.epam.cnta.webdriver.demo2.additional.native_page_object_with_abstract_page.GitHubTest" name="loginToGithub" time="6.562"/>
  <testcase classname="com.epam.cnta.webdriver.demo2.lection_demo_native_page_object.GitHubTest" name="loginToGithub" time="7.251"/>
</testsuite>